{
  "stats": {
    "suites": 1,
    "tests": 12,
    "passes": 8,
    "pending": 0,
    "failures": 4,
    "start": "2025-11-29T16:53:04.138Z",
    "end": "2025-11-29T16:53:17.591Z",
    "duration": 13453,
    "testsRegistered": 12,
    "passPercent": 66.66666666666666,
    "pendingPercent": 0,
    "other": 0,
    "hasOther": false,
    "skipped": 0,
    "hasSkipped": false
  },
  "results": [
    {
      "uuid": "b34a950b-ebe8-4394-ad67-bfa3f80578cd",
      "title": "",
      "fullFile": "E:\\university\\devops\\assigment 03\\faiq abbasi\\Ignition-Insights\\tests\\dashboard.test.cjs",
      "file": "\\tests\\dashboard.test.cjs",
      "beforeHooks": [],
      "afterHooks": [],
      "tests": [],
      "suites": [
        {
          "uuid": "ede977f5-95e3-4a35-9db5-cb937bcd5a0a",
          "title": "Ignition Insights Dashboard Tests",
          "fullFile": "E:\\university\\devops\\assigment 03\\faiq abbasi\\Ignition-Insights\\tests\\dashboard.test.cjs",
          "file": "\\tests\\dashboard.test.cjs",
          "beforeHooks": [
            {
              "title": "\"before all\" hook in \"Ignition Insights Dashboard Tests\"",
              "fullTitle": "Ignition Insights Dashboard Tests \"before all\" hook in \"Ignition Insights Dashboard Tests\"",
              "timedOut": false,
              "duration": 2075,
              "state": null,
              "speed": null,
              "pass": false,
              "fail": false,
              "pending": false,
              "context": null,
              "code": "this.timeout(20000);\nconsole.log('\\n🚀 Starting test suite initialization...');\nconsole.log('📍 Target URL:', BASE_URL);\nconsole.log('⏳ Creating Chrome WebDriver instance...');\nconst options = getChromeOptions();\nconst service = getChromeService();\ndriver = await new Builder()\n  .forBrowser('chrome')\n  .setChromeOptions(options)\n  .setChromeService(service)\n  .build();\nconsole.log('✅ Chrome WebDriver created successfully!');\nconsole.log('⏳ Loading dashboard page...');\nawait driver.get(BASE_URL);\nconsole.log('⏳ Waiting for #root element to load...');\nawait driver.wait(until.elementLocated(By.css('#root')), TIMEOUT);\nconsole.log('✅ Browser initialized and page loaded\\n');",
              "err": {},
              "uuid": "8afc2067-3e09-4267-877e-17a45ba99e9f",
              "parentUUID": "ede977f5-95e3-4a35-9db5-cb937bcd5a0a",
              "isHook": true,
              "skipped": false
            }
          ],
          "afterHooks": [
            {
              "title": "\"after all\" hook in \"Ignition Insights Dashboard Tests\"",
              "fullTitle": "Ignition Insights Dashboard Tests \"after all\" hook in \"Ignition Insights Dashboard Tests\"",
              "timedOut": false,
              "duration": 249,
              "state": null,
              "speed": null,
              "pass": false,
              "fail": false,
              "pending": false,
              "context": null,
              "code": "console.log('\\n🧹 Cleaning up...');\nif (driver) {\n  await driver.quit();\n  console.log('✅ Browser closed successfully');\n}",
              "err": {},
              "uuid": "d44cafc4-8342-42de-8cbd-6d80161028f1",
              "parentUUID": "ede977f5-95e3-4a35-9db5-cb937bcd5a0a",
              "isHook": true,
              "skipped": false
            }
          ],
          "tests": [
            {
              "title": "Test 1: Should load the dashboard page successfully",
              "fullTitle": "Ignition Insights Dashboard Tests Test 1: Should load the dashboard page successfully",
              "timedOut": false,
              "duration": 14,
              "state": "passed",
              "speed": "fast",
              "pass": true,
              "fail": false,
              "pending": false,
              "context": null,
              "code": "console.log('\\n▶️  Starting Test 1: Page Load Test');\nconsole.log('⏳ Getting page title...');\nconst title = await driver.getTitle();\nconsole.log('📄 Page title:', title);\nassert.ok(title.length > 0, 'Page title should not be empty');\nconsole.log('✅ Test 1 PASSED: Page loaded with title');",
              "err": {},
              "uuid": "6e14f940-d174-411e-aaa7-f0f933656695",
              "parentUUID": "ede977f5-95e3-4a35-9db5-cb937bcd5a0a",
              "isHook": false,
              "skipped": false
            },
            {
              "title": "Test 2: Should display main dashboard container",
              "fullTitle": "Ignition Insights Dashboard Tests Test 2: Should display main dashboard container",
              "timedOut": false,
              "duration": 24,
              "state": "passed",
              "speed": "fast",
              "pass": true,
              "fail": false,
              "pending": false,
              "context": null,
              "code": "console.log('\\n▶️  Starting Test 2: Dashboard Container Test');\nconsole.log('⏳ Locating #root element...');\nconst dashboard = await driver.findElement(By.css('#root'));\nconsole.log('⏳ Checking if dashboard is displayed...');\nconst isDisplayed = await dashboard.isDisplayed();\nconsole.log('👀 Dashboard visible:', isDisplayed);\nassert.strictEqual(isDisplayed, true, 'Dashboard should be visible');\nconsole.log('✅ Test 2 PASSED: Dashboard container is displayed');",
              "err": {},
              "uuid": "506bdf19-4bac-45dc-9cd2-a32bcc687057",
              "parentUUID": "ede977f5-95e3-4a35-9db5-cb937bcd5a0a",
              "isHook": false,
              "skipped": false
            },
            {
              "title": "Test 3: Should have navigation elements",
              "fullTitle": "Ignition Insights Dashboard Tests Test 3: Should have navigation elements",
              "timedOut": false,
              "duration": 14,
              "state": "passed",
              "speed": "fast",
              "pass": true,
              "fail": false,
              "pending": false,
              "context": null,
              "code": "console.log('\\n▶️  Starting Test 3: Navigation Test');\nconsole.log('⏳ Searching for navigation links...');\nconst links = await driver.findElements(By.css('a'));\nconsole.log('🔗 Found', links.length, 'navigation links');\nassert.ok(links.length >= 0, 'Navigation elements should be present');\nconsole.log('✅ Test 3 PASSED: Navigation elements found');",
              "err": {},
              "uuid": "96de5bf8-1bf0-45da-91ba-66cc3fb2b549",
              "parentUUID": "ede977f5-95e3-4a35-9db5-cb937bcd5a0a",
              "isHook": false,
              "skipped": false
            },
            {
              "title": "Test 4: Should have filter/origin selector elements",
              "fullTitle": "Ignition Insights Dashboard Tests Test 4: Should have filter/origin selector elements",
              "timedOut": false,
              "duration": 27,
              "state": "failed",
              "speed": null,
              "pass": false,
              "fail": true,
              "pending": false,
              "context": null,
              "code": "console.log('\\n▶️  Starting Test 4: Filter Functionality Test');\nconsole.log('⏳ Searching for buttons...');\nconst buttons = await driver.findElements(By.css('button'));\nconsole.log('🔘 Found', buttons.length, 'buttons');\nconsole.log('⏳ Searching for select elements...');\nconst selects = await driver.findElements(By.css('select'));\nconsole.log('📋 Found', selects.length, 'select elements');\nconst totalControls = buttons.length + selects.length;\nconsole.log('🎛️  Total interactive controls:', totalControls);\nassert.ok(totalControls > 0, 'Filter controls should exist');\nconsole.log('✅ Test 4 PASSED: Filter controls found');",
              "err": {
                "message": "AssertionError: Filter controls should exist",
                "estack": "AssertionError [ERR_ASSERTION]: Filter controls should exist\n    at Context.<anonymous> (tests\\dashboard.test.cjs:85:12)\n    at process.processTicksAndRejections (node:internal/process/task_queues:105:5)",
                "diff": "- false\n+ true\n"
              },
              "uuid": "88ea0f5f-5b77-4f15-ae35-abe8968f8403",
              "parentUUID": "ede977f5-95e3-4a35-9db5-cb937bcd5a0a",
              "isHook": false,
              "skipped": false
            },
            {
              "title": "Test 5: Should render SVG charts on the dashboard",
              "fullTitle": "Ignition Insights Dashboard Tests Test 5: Should render SVG charts on the dashboard",
              "timedOut": false,
              "duration": 10050,
              "state": "failed",
              "speed": null,
              "pass": false,
              "fail": true,
              "pending": false,
              "context": null,
              "code": "console.log('\\n▶️  Starting Test 5: Chart Rendering Test');\nconsole.log('⏳ Waiting for SVG elements to be present...');\nawait driver.wait(until.elementLocated(By.css('svg')), TIMEOUT);\nconsole.log('⏳ Counting SVG elements...');\nconst svgElements = await driver.findElements(By.css('svg'));\nconsole.log('📊 Found', svgElements.length, 'SVG chart(s)');\nassert.ok(svgElements.length > 0, 'At least one SVG chart should be rendered');\nconsole.log('✅ Test 5 PASSED: SVG charts rendered');",
              "err": {
                "message": "TimeoutError: Waiting for element to be located By(css selector, svg)\nWait timed out after 10050ms",
                "estack": "TimeoutError: Waiting for element to be located By(css selector, svg)\nWait timed out after 10050ms\n    at E:\\university\\devops\\assigment 03\\faiq abbasi\\Ignition-Insights\\node_modules\\selenium-webdriver\\lib\\webdriver.js:929:22\n    at process.processTicksAndRejections (node:internal/process/task_queues:105:5)",
                "diff": null
              },
              "uuid": "3646598f-5a61-413b-9d5e-e4c26aa96773",
              "parentUUID": "ede977f5-95e3-4a35-9db5-cb937bcd5a0a",
              "isHook": false,
              "skipped": false
            },
            {
              "title": "Test 6: Should display data points in charts",
              "fullTitle": "Ignition Insights Dashboard Tests Test 6: Should display data points in charts",
              "timedOut": false,
              "duration": 46,
              "state": "failed",
              "speed": null,
              "pass": false,
              "fail": true,
              "pending": false,
              "context": null,
              "code": "console.log('\\n▶️  Starting Test 6: Data Display Test');\nconsole.log('⏳ Searching for circle elements...');\nconst circles = await driver.findElements(By.css('svg circle'));\nconsole.log('⚪ Found', circles.length, 'circles');\nconsole.log('⏳ Searching for path elements...');\nconst paths = await driver.findElements(By.css('svg path'));\nconsole.log('📈 Found', paths.length, 'paths');\nconsole.log('⏳ Searching for rect elements...');\nconst rects = await driver.findElements(By.css('svg rect'));\nconsole.log('▭  Found', rects.length, 'rectangles');\nconst totalDataPoints = circles.length + paths.length + rects.length;\nconsole.log('📊 Total data visualization elements:', totalDataPoints);\nassert.ok(totalDataPoints > 0, 'Charts should have data visualization elements');\nconsole.log('✅ Test 6 PASSED: Data points found in charts');",
              "err": {
                "message": "AssertionError: Charts should have data visualization elements",
                "estack": "AssertionError [ERR_ASSERTION]: Charts should have data visualization elements\n    at Context.<anonymous> (tests\\dashboard.test.cjs:118:12)\n    at process.processTicksAndRejections (node:internal/process/task_queues:105:5)",
                "diff": "- false\n+ true\n"
              },
              "uuid": "ed0f0455-8020-4cdb-9747-f78365d73ec1",
              "parentUUID": "ede977f5-95e3-4a35-9db5-cb937bcd5a0a",
              "isHook": false,
              "skipped": false
            },
            {
              "title": "Test 7: Should have interactive chart elements",
              "fullTitle": "Ignition Insights Dashboard Tests Test 7: Should have interactive chart elements",
              "timedOut": false,
              "duration": 19,
              "state": "passed",
              "speed": "fast",
              "pass": true,
              "fail": false,
              "pending": false,
              "context": null,
              "code": "console.log('\\n▶️  Starting Test 7: Interactive Elements Test');\nconsole.log('⏳ Searching for clickable elements...');\nconst clickableElements = await driver.findElements(By.css('button, a, [role=\"button\"]'));\nconsole.log('👆 Found', clickableElements.length, 'interactive elements');\nassert.ok(clickableElements.length > 0, 'Interactive elements should exist');\nconsole.log('✅ Test 7 PASSED: Interactive elements found');",
              "err": {},
              "uuid": "219ad8bb-6e8b-4242-aa9f-72b9400e64df",
              "parentUUID": "ede977f5-95e3-4a35-9db5-cb937bcd5a0a",
              "isHook": false,
              "skipped": false
            },
            {
              "title": "Test 8: Should be responsive to different screen sizes",
              "fullTitle": "Ignition Insights Dashboard Tests Test 8: Should be responsive to different screen sizes",
              "timedOut": false,
              "duration": 498,
              "state": "passed",
              "speed": "slow",
              "pass": true,
              "fail": false,
              "pending": false,
              "context": null,
              "code": "console.log('\\n▶️  Starting Test 8: Responsive Design Test');\nconsole.log('⏳ Testing mobile viewport (375x667)...');\nawait driver.manage().window().setRect({ width: 375, height: 667 });\nconsole.log('📱 Viewport changed to mobile size');\nawait driver.wait(until.elementLocated(By.css('#root')), TIMEOUT);\nconst rootMobile = await driver.findElement(By.css('#root'));\nconst isMobileDisplayed = await rootMobile.isDisplayed();\nconsole.log('👀 Mobile view displayed:', isMobileDisplayed);\nconsole.log('⏳ Testing desktop viewport (1920x1080)...');\nawait driver.manage().window().setRect({ width: 1920, height: 1080 });\nconsole.log('🖥️  Viewport changed to desktop size');\nawait driver.wait(until.elementLocated(By.css('#root')), TIMEOUT);\nconst rootDesktop = await driver.findElement(By.css('#root'));\nconst isDesktopDisplayed = await rootDesktop.isDisplayed();\nconsole.log('👀 Desktop view displayed:', isDesktopDisplayed);\nassert.strictEqual(isMobileDisplayed && isDesktopDisplayed, true, 'Page should be responsive');\nconsole.log('✅ Test 8 PASSED: Page is responsive across screen sizes');",
              "err": {},
              "uuid": "a220b35f-0752-4fd8-bf7f-72cb7b646373",
              "parentUUID": "ede977f5-95e3-4a35-9db5-cb937bcd5a0a",
              "isHook": false,
              "skipped": false
            },
            {
              "title": "Test 9: Should load all page content without errors",
              "fullTitle": "Ignition Insights Dashboard Tests Test 9: Should load all page content without errors",
              "timedOut": false,
              "duration": 41,
              "state": "passed",
              "speed": "medium",
              "pass": true,
              "fail": false,
              "pending": false,
              "context": null,
              "code": "console.log('\\n▶️  Starting Test 9: Page Content Test');\nconsole.log('⏳ Getting page body text content...');\nconst bodyText = await driver.findElement(By.css('body')).getText();\nconst contentLength = bodyText.length;\nconsole.log('📝 Page content length:', contentLength, 'characters');\nassert.ok(contentLength > 0, 'Page should have content');\nconsole.log('✅ Test 9 PASSED: Page content loaded successfully');",
              "err": {},
              "uuid": "841ae297-4f0b-40a9-b1cb-a89fd728ddf4",
              "parentUUID": "ede977f5-95e3-4a35-9db5-cb937bcd5a0a",
              "isHook": false,
              "skipped": false
            },
            {
              "title": "Test 10: Should display multiple visualization types",
              "fullTitle": "Ignition Insights Dashboard Tests Test 10: Should display multiple visualization types",
              "timedOut": false,
              "duration": 16,
              "state": "failed",
              "speed": null,
              "pass": false,
              "fail": true,
              "pending": false,
              "context": null,
              "code": "console.log('\\n▶️  Starting Test 10: Multiple Chart Types Test');\nconsole.log('⏳ Getting all SVG elements...');\nconst svgElements = await driver.findElements(By.css('svg'));\nconsole.log('📊 Analyzing', svgElements.length, 'SVG chart(s)...');\nlet hasCircles = false;\nlet hasRects = false;\nlet hasPaths = false;\nfor (let i = 0; i < svgElements.length; i++) {\n  console.log(`⏳ Analyzing SVG #${i + 1}...`);\n  const svg = svgElements[i];\n  const circles = await svg.findElements(By.css('circle'));\n  const rects = await svg.findElements(By.css('rect'));\n  const paths = await svg.findElements(By.css('path'));\n  if (circles.length > 0) {\n    hasCircles = true;\n    console.log(`  ⚪ SVG #${i + 1} has circles (${circles.length})`);\n  }\n  if (rects.length > 0) {\n    hasRects = true;\n    console.log(`  ▭  SVG #${i + 1} has rectangles (${rects.length})`);\n  }\n  if (paths.length > 0) {\n    hasPaths = true;\n    console.log(`  📈 SVG #${i + 1} has paths (${paths.length})`);\n  }\n}\nconst visualizationTypes = [hasCircles, hasRects, hasPaths].filter(Boolean).length;\nconsole.log('📊 Total visualization types found:', visualizationTypes);\nconsole.log('   - Circles:', hasCircles ? 'YES' : 'NO');\nconsole.log('   - Rectangles:', hasRects ? 'YES' : 'NO');\nconsole.log('   - Paths:', hasPaths ? 'YES' : 'NO');\nassert.ok(visualizationTypes >= 2, 'Should have at least 2 different visualization types');\nconsole.log('✅ Test 10 PASSED: Multiple visualization types found');",
              "err": {
                "message": "AssertionError: Should have at least 2 different visualization types",
                "estack": "AssertionError [ERR_ASSERTION]: Should have at least 2 different visualization types\n    at Context.<anonymous> (tests\\dashboard.test.cjs:204:12)\n    at process.processTicksAndRejections (node:internal/process/task_queues:105:5)",
                "diff": "- false\n+ true\n"
              },
              "uuid": "e98c7f1f-9769-45f2-a541-98edd8706fbb",
              "parentUUID": "ede977f5-95e3-4a35-9db5-cb937bcd5a0a",
              "isHook": false,
              "skipped": false
            },
            {
              "title": "Test 11: Should handle navigation to non-existent pages gracefully",
              "fullTitle": "Ignition Insights Dashboard Tests Test 11: Should handle navigation to non-existent pages gracefully",
              "timedOut": false,
              "duration": 289,
              "state": "passed",
              "speed": "slow",
              "pass": true,
              "fail": false,
              "pending": false,
              "context": null,
              "code": "console.log('\\n▶️  Starting Test 11: Error Handling Test');\nconst errorUrl = BASE_URL + '/non-existent-page';\nconsole.log('⏳ Navigating to non-existent page:', errorUrl);\nawait driver.get(errorUrl);\nconsole.log('⏳ Waiting for body element...');\nawait driver.wait(until.elementLocated(By.css('body')), TIMEOUT);\nconst body = await driver.findElement(By.css('body'));\nconst isDisplayed = await body.isDisplayed();\nconsole.log('👀 Error page displayed:', isDisplayed);\nassert.strictEqual(isDisplayed, true, 'Page should handle invalid routes');\nconsole.log('✅ Error handling works correctly');\nconsole.log('⏳ Navigating back to main page...');\nawait driver.get(BASE_URL);\nawait driver.wait(until.elementLocated(By.css('#root')), TIMEOUT);\nconsole.log('✅ Test 11 PASSED: Application handles invalid routes gracefully');",
              "err": {},
              "uuid": "b849e3a8-54c3-4561-a629-673f24b29d81",
              "parentUUID": "ede977f5-95e3-4a35-9db5-cb937bcd5a0a",
              "isHook": false,
              "skipped": false
            },
            {
              "title": "Test 12: Should load page within acceptable time",
              "fullTitle": "Ignition Insights Dashboard Tests Test 12: Should load page within acceptable time",
              "timedOut": false,
              "duration": 78,
              "state": "passed",
              "speed": "slow",
              "pass": true,
              "fail": false,
              "pending": false,
              "context": null,
              "code": "console.log('\\n▶️  Starting Test 12: Performance Test');\nconsole.log('⏱️  Starting timer...');\nconst startTime = Date.now();\nconsole.log('⏳ Loading page...');\nawait driver.get(BASE_URL);\nconsole.log('⏳ Waiting for #root element...');\nawait driver.wait(until.elementLocated(By.css('#root')), TIMEOUT);\nconst loadTime = Date.now() - startTime;\nconsole.log('⏱️  Page load time:', loadTime, 'ms');\nconsole.log('📊 Performance threshold: 10000 ms');\nassert.ok(loadTime < 10000, 'Page should load within 10 seconds');\nconsole.log('✅ Test 12 PASSED: Page loaded in acceptable time');",
              "err": {},
              "uuid": "db365689-432a-4186-8bb0-01e038e555a7",
              "parentUUID": "ede977f5-95e3-4a35-9db5-cb937bcd5a0a",
              "isHook": false,
              "skipped": false
            }
          ],
          "suites": [],
          "passes": [
            "6e14f940-d174-411e-aaa7-f0f933656695",
            "506bdf19-4bac-45dc-9cd2-a32bcc687057",
            "96de5bf8-1bf0-45da-91ba-66cc3fb2b549",
            "219ad8bb-6e8b-4242-aa9f-72b9400e64df",
            "a220b35f-0752-4fd8-bf7f-72cb7b646373",
            "841ae297-4f0b-40a9-b1cb-a89fd728ddf4",
            "b849e3a8-54c3-4561-a629-673f24b29d81",
            "db365689-432a-4186-8bb0-01e038e555a7"
          ],
          "failures": [
            "88ea0f5f-5b77-4f15-ae35-abe8968f8403",
            "3646598f-5a61-413b-9d5e-e4c26aa96773",
            "ed0f0455-8020-4cdb-9747-f78365d73ec1",
            "e98c7f1f-9769-45f2-a541-98edd8706fbb"
          ],
          "pending": [],
          "skipped": [],
          "duration": 11116,
          "root": false,
          "rootEmpty": false,
          "_timeout": 15000
        }
      ],
      "passes": [],
      "failures": [],
      "pending": [],
      "skipped": [],
      "duration": 0,
      "root": true,
      "rootEmpty": true,
      "_timeout": 30000
    }
  ],
  "meta": {
    "mocha": {
      "version": "11.7.5"
    },
    "mochawesome": {
      "options": {
        "quiet": false,
        "reportFilename": "test-report",
        "saveHtml": true,
        "saveJson": true,
        "consoleReporter": "spec",
        "useInlineDiffs": false,
        "code": true
      },
      "version": "7.1.4"
    },
    "marge": {
      "options": {
        "reportDir": "test-results",
        "reportFilename": "test-report",
        "html": "true",
        "json": "true"
      },
      "version": "6.3.2"
    }
  }
}