{
  "stats": {
    "suites": 1,
    "tests": 0,
    "passes": 0,
    "pending": 0,
    "failures": 0,
    "start": "2025-11-29T16:24:30.253Z",
    "end": "2025-11-29T16:29:14.239Z",
    "duration": 283986,
    "testsRegistered": 12,
    "passPercent": 0,
    "pendingPercent": 0,
    "other": 1,
    "hasOther": true,
    "skipped": 12,
    "hasSkipped": true
  },
  "results": [
    {
      "uuid": "a586c3c7-ea78-4d4c-9017-187f1f53558d",
      "title": "",
      "fullFile": "E:\\university\\devops\\assigment 03\\faiq abbasi\\Ignition-Insights\\tests\\dashboard.test.cjs",
      "file": "\\tests\\dashboard.test.cjs",
      "beforeHooks": [],
      "afterHooks": [],
      "tests": [],
      "suites": [
        {
          "uuid": "6da69dc3-f442-4780-b343-bdb392612f98",
          "title": "Ignition Insights Dashboard Tests",
          "fullFile": "E:\\university\\devops\\assigment 03\\faiq abbasi\\Ignition-Insights\\tests\\dashboard.test.cjs",
          "file": "\\tests\\dashboard.test.cjs",
          "beforeHooks": [
            {
              "title": "\"before all\" hook for \"Test 1: Should load the dashboard page successfully\"",
              "fullTitle": "Ignition Insights Dashboard Tests \"before all\" hook for \"Test 1: Should load the dashboard page successfully\"",
              "timedOut": true,
              "duration": 283977,
              "state": "failed",
              "speed": null,
              "pass": false,
              "fail": true,
              "pending": false,
              "context": null,
              "code": "this.timeout(20000);\nconsole.log('\\n🚀 Starting test suite initialization...');\nconsole.log('📍 Target URL:', BASE_URL);\nconsole.log('⏳ Creating Chrome WebDriver instance...');\nconst options = getChromeOptions();\ndriver = await new Builder()\n  .forBrowser('chrome')\n  .setChromeOptions(options)\n  .build();\nconsole.log('✅ Chrome WebDriver created successfully');\nconsole.log('⏳ Loading dashboard page...');\nawait driver.get(BASE_URL);\nconsole.log('⏳ Waiting for #root element to load...');\nawait driver.wait(until.elementLocated(By.css('#root')), TIMEOUT);\nconsole.log('✅ Browser initialized and page loaded\\n');",
              "err": {
                "message": "Error: Timeout of 20000ms exceeded. For async tests and hooks, ensure \"done()\" is called; if returning a Promise, ensure it resolves. (E:\\university\\devops\\assigment 03\\faiq abbasi\\Ignition-Insights\\tests\\dashboard.test.cjs)",
                "estack": "Error: Timeout of 20000ms exceeded. For async tests and hooks, ensure \"done()\" is called; if returning a Promise, ensure it resolves. (E:\\university\\devops\\assigment 03\\faiq abbasi\\Ignition-Insights\\tests\\dashboard.test.cjs)\n    at listOnTimeout (node:internal/timers:588:17)\n    at process.processTimers (node:internal/timers:523:7)",
                "diff": null
              },
              "uuid": "b230c9ae-b849-44b4-822b-5e2e7b0faca2",
              "parentUUID": "6da69dc3-f442-4780-b343-bdb392612f98",
              "isHook": true,
              "skipped": false
            }
          ],
          "afterHooks": [
            {
              "title": "\"after all\" hook in \"Ignition Insights Dashboard Tests\"",
              "fullTitle": "Ignition Insights Dashboard Tests \"after all\" hook in \"Ignition Insights Dashboard Tests\"",
              "timedOut": false,
              "duration": 1,
              "state": null,
              "speed": null,
              "pass": false,
              "fail": false,
              "pending": false,
              "context": null,
              "code": "console.log('\\n🧹 Cleaning up...');\nif (driver) {\n  await driver.quit();\n  console.log('✅ Browser closed successfully');\n}",
              "err": {},
              "uuid": "06a9d18f-9a95-4ecf-850e-5693ebc0dac3",
              "parentUUID": "6da69dc3-f442-4780-b343-bdb392612f98",
              "isHook": true,
              "skipped": false
            }
          ],
          "tests": [
            {
              "title": "Test 1: Should load the dashboard page successfully",
              "fullTitle": "Ignition Insights Dashboard Tests Test 1: Should load the dashboard page successfully",
              "timedOut": false,
              "duration": 0,
              "state": null,
              "speed": null,
              "pass": false,
              "fail": false,
              "pending": false,
              "context": null,
              "code": "console.log('\\n▶️  Starting Test 1: Page Load Test');\nconsole.log('⏳ Getting page title...');\nconst title = await driver.getTitle();\nconsole.log('📄 Page title:', title);\nassert.ok(title.length > 0, 'Page title should not be empty');\nconsole.log('✅ Test 1 PASSED: Page loaded with title');",
              "err": {},
              "uuid": "93ad3127-cdaf-4fff-9126-78942a43e0ca",
              "parentUUID": "6da69dc3-f442-4780-b343-bdb392612f98",
              "isHook": false,
              "skipped": true
            },
            {
              "title": "Test 2: Should display main dashboard container",
              "fullTitle": "Ignition Insights Dashboard Tests Test 2: Should display main dashboard container",
              "timedOut": false,
              "duration": 0,
              "state": null,
              "speed": null,
              "pass": false,
              "fail": false,
              "pending": false,
              "context": null,
              "code": "console.log('\\n▶️  Starting Test 2: Dashboard Container Test');\nconsole.log('⏳ Locating #root element...');\nconst dashboard = await driver.findElement(By.css('#root'));\nconsole.log('⏳ Checking if dashboard is displayed...');\nconst isDisplayed = await dashboard.isDisplayed();\nconsole.log('👀 Dashboard visible:', isDisplayed);\nassert.strictEqual(isDisplayed, true, 'Dashboard should be visible');\nconsole.log('✅ Test 2 PASSED: Dashboard container is displayed');",
              "err": {},
              "uuid": "89879a2b-516d-4415-8e25-b298445264e3",
              "parentUUID": "6da69dc3-f442-4780-b343-bdb392612f98",
              "isHook": false,
              "skipped": true
            },
            {
              "title": "Test 3: Should have navigation elements",
              "fullTitle": "Ignition Insights Dashboard Tests Test 3: Should have navigation elements",
              "timedOut": false,
              "duration": 0,
              "state": null,
              "speed": null,
              "pass": false,
              "fail": false,
              "pending": false,
              "context": null,
              "code": "console.log('\\n▶️  Starting Test 3: Navigation Test');\nconsole.log('⏳ Searching for navigation links...');\nconst links = await driver.findElements(By.css('a'));\nconsole.log('🔗 Found', links.length, 'navigation links');\nassert.ok(links.length >= 0, 'Navigation elements should be present');\nconsole.log('✅ Test 3 PASSED: Navigation elements found');",
              "err": {},
              "uuid": "d3bdce12-5c92-432a-b895-54433b20d5de",
              "parentUUID": "6da69dc3-f442-4780-b343-bdb392612f98",
              "isHook": false,
              "skipped": true
            },
            {
              "title": "Test 4: Should have filter/origin selector elements",
              "fullTitle": "Ignition Insights Dashboard Tests Test 4: Should have filter/origin selector elements",
              "timedOut": false,
              "duration": 0,
              "state": null,
              "speed": null,
              "pass": false,
              "fail": false,
              "pending": false,
              "context": null,
              "code": "console.log('\\n▶️  Starting Test 4: Filter Functionality Test');\nconsole.log('⏳ Searching for buttons...');\nconst buttons = await driver.findElements(By.css('button'));\nconsole.log('🔘 Found', buttons.length, 'buttons');\nconsole.log('⏳ Searching for select elements...');\nconst selects = await driver.findElements(By.css('select'));\nconsole.log('📋 Found', selects.length, 'select elements');\nconst totalControls = buttons.length + selects.length;\nconsole.log('🎛️  Total interactive controls:', totalControls);\nassert.ok(totalControls > 0, 'Filter controls should exist');\nconsole.log('✅ Test 4 PASSED: Filter controls found');",
              "err": {},
              "uuid": "d7b75b8c-4d80-4ceb-877b-d87ae5c83f03",
              "parentUUID": "6da69dc3-f442-4780-b343-bdb392612f98",
              "isHook": false,
              "skipped": true
            },
            {
              "title": "Test 5: Should render SVG charts on the dashboard",
              "fullTitle": "Ignition Insights Dashboard Tests Test 5: Should render SVG charts on the dashboard",
              "timedOut": false,
              "duration": 0,
              "state": null,
              "speed": null,
              "pass": false,
              "fail": false,
              "pending": false,
              "context": null,
              "code": "console.log('\\n▶️  Starting Test 5: Chart Rendering Test');\nconsole.log('⏳ Waiting for SVG elements to be present...');\nawait driver.wait(until.elementLocated(By.css('svg')), TIMEOUT);\nconsole.log('⏳ Counting SVG elements...');\nconst svgElements = await driver.findElements(By.css('svg'));\nconsole.log('📊 Found', svgElements.length, 'SVG chart(s)');\nassert.ok(svgElements.length > 0, 'At least one SVG chart should be rendered');\nconsole.log('✅ Test 5 PASSED: SVG charts rendered');",
              "err": {},
              "uuid": "74fe9566-74a6-4967-a52c-1ce994f9e3dc",
              "parentUUID": "6da69dc3-f442-4780-b343-bdb392612f98",
              "isHook": false,
              "skipped": true
            },
            {
              "title": "Test 6: Should display data points in charts",
              "fullTitle": "Ignition Insights Dashboard Tests Test 6: Should display data points in charts",
              "timedOut": false,
              "duration": 0,
              "state": null,
              "speed": null,
              "pass": false,
              "fail": false,
              "pending": false,
              "context": null,
              "code": "console.log('\\n▶️  Starting Test 6: Data Display Test');\nconsole.log('⏳ Searching for circle elements...');\nconst circles = await driver.findElements(By.css('svg circle'));\nconsole.log('⚪ Found', circles.length, 'circles');\nconsole.log('⏳ Searching for path elements...');\nconst paths = await driver.findElements(By.css('svg path'));\nconsole.log('📈 Found', paths.length, 'paths');\nconsole.log('⏳ Searching for rect elements...');\nconst rects = await driver.findElements(By.css('svg rect'));\nconsole.log('▭  Found', rects.length, 'rectangles');\nconst totalDataPoints = circles.length + paths.length + rects.length;\nconsole.log('📊 Total data visualization elements:', totalDataPoints);\nassert.ok(totalDataPoints > 0, 'Charts should have data visualization elements');\nconsole.log('✅ Test 6 PASSED: Data points found in charts');",
              "err": {},
              "uuid": "3489eb1a-0dab-4243-b048-0c317f3c60a7",
              "parentUUID": "6da69dc3-f442-4780-b343-bdb392612f98",
              "isHook": false,
              "skipped": true
            },
            {
              "title": "Test 7: Should have interactive chart elements",
              "fullTitle": "Ignition Insights Dashboard Tests Test 7: Should have interactive chart elements",
              "timedOut": false,
              "duration": 0,
              "state": null,
              "speed": null,
              "pass": false,
              "fail": false,
              "pending": false,
              "context": null,
              "code": "console.log('\\n▶️  Starting Test 7: Interactive Elements Test');\nconsole.log('⏳ Searching for clickable elements...');\nconst clickableElements = await driver.findElements(By.css('button, a, [role=\"button\"]'));\nconsole.log('👆 Found', clickableElements.length, 'interactive elements');\nassert.ok(clickableElements.length > 0, 'Interactive elements should exist');\nconsole.log('✅ Test 7 PASSED: Interactive elements found');",
              "err": {},
              "uuid": "c0be69b9-4b7e-4002-8ad7-bd6626e0da00",
              "parentUUID": "6da69dc3-f442-4780-b343-bdb392612f98",
              "isHook": false,
              "skipped": true
            },
            {
              "title": "Test 8: Should be responsive to different screen sizes",
              "fullTitle": "Ignition Insights Dashboard Tests Test 8: Should be responsive to different screen sizes",
              "timedOut": false,
              "duration": 0,
              "state": null,
              "speed": null,
              "pass": false,
              "fail": false,
              "pending": false,
              "context": null,
              "code": "console.log('\\n▶️  Starting Test 8: Responsive Design Test');\nconsole.log('⏳ Testing mobile viewport (375x667)...');\nawait driver.manage().window().setRect({ width: 375, height: 667 });\nconsole.log('📱 Viewport changed to mobile size');\nawait driver.wait(until.elementLocated(By.css('#root')), TIMEOUT);\nconst rootMobile = await driver.findElement(By.css('#root'));\nconst isMobileDisplayed = await rootMobile.isDisplayed();\nconsole.log('👀 Mobile view displayed:', isMobileDisplayed);\nconsole.log('⏳ Testing desktop viewport (1920x1080)...');\nawait driver.manage().window().setRect({ width: 1920, height: 1080 });\nconsole.log('🖥️  Viewport changed to desktop size');\nawait driver.wait(until.elementLocated(By.css('#root')), TIMEOUT);\nconst rootDesktop = await driver.findElement(By.css('#root'));\nconst isDesktopDisplayed = await rootDesktop.isDisplayed();\nconsole.log('👀 Desktop view displayed:', isDesktopDisplayed);\nassert.strictEqual(isMobileDisplayed && isDesktopDisplayed, true, 'Page should be responsive');\nconsole.log('✅ Test 8 PASSED: Page is responsive across screen sizes');",
              "err": {},
              "uuid": "1e02e8d5-6884-4c4f-9260-14f5665a7ee1",
              "parentUUID": "6da69dc3-f442-4780-b343-bdb392612f98",
              "isHook": false,
              "skipped": true
            },
            {
              "title": "Test 9: Should load all page content without errors",
              "fullTitle": "Ignition Insights Dashboard Tests Test 9: Should load all page content without errors",
              "timedOut": false,
              "duration": 0,
              "state": null,
              "speed": null,
              "pass": false,
              "fail": false,
              "pending": false,
              "context": null,
              "code": "console.log('\\n▶️  Starting Test 9: Page Content Test');\nconsole.log('⏳ Getting page body text content...');\nconst bodyText = await driver.findElement(By.css('body')).getText();\nconst contentLength = bodyText.length;\nconsole.log('📝 Page content length:', contentLength, 'characters');\nassert.ok(contentLength > 0, 'Page should have content');\nconsole.log('✅ Test 9 PASSED: Page content loaded successfully');",
              "err": {},
              "uuid": "0e37671c-b9e7-4f84-9c0a-dbfdd55cca1c",
              "parentUUID": "6da69dc3-f442-4780-b343-bdb392612f98",
              "isHook": false,
              "skipped": true
            },
            {
              "title": "Test 10: Should display multiple visualization types",
              "fullTitle": "Ignition Insights Dashboard Tests Test 10: Should display multiple visualization types",
              "timedOut": false,
              "duration": 0,
              "state": null,
              "speed": null,
              "pass": false,
              "fail": false,
              "pending": false,
              "context": null,
              "code": "console.log('\\n▶️  Starting Test 10: Multiple Chart Types Test');\nconsole.log('⏳ Getting all SVG elements...');\nconst svgElements = await driver.findElements(By.css('svg'));\nconsole.log('📊 Analyzing', svgElements.length, 'SVG chart(s)...');\nlet hasCircles = false;\nlet hasRects = false;\nlet hasPaths = false;\nfor (let i = 0; i < svgElements.length; i++) {\n  console.log(`⏳ Analyzing SVG #${i + 1}...`);\n  const svg = svgElements[i];\n  const circles = await svg.findElements(By.css('circle'));\n  const rects = await svg.findElements(By.css('rect'));\n  const paths = await svg.findElements(By.css('path'));\n  if (circles.length > 0) {\n    hasCircles = true;\n    console.log(`  ⚪ SVG #${i + 1} has circles (${circles.length})`);\n  }\n  if (rects.length > 0) {\n    hasRects = true;\n    console.log(`  ▭  SVG #${i + 1} has rectangles (${rects.length})`);\n  }\n  if (paths.length > 0) {\n    hasPaths = true;\n    console.log(`  📈 SVG #${i + 1} has paths (${paths.length})`);\n  }\n}\nconst visualizationTypes = [hasCircles, hasRects, hasPaths].filter(Boolean).length;\nconsole.log('📊 Total visualization types found:', visualizationTypes);\nconsole.log('   - Circles:', hasCircles ? 'YES' : 'NO');\nconsole.log('   - Rectangles:', hasRects ? 'YES' : 'NO');\nconsole.log('   - Paths:', hasPaths ? 'YES' : 'NO');\nassert.ok(visualizationTypes >= 2, 'Should have at least 2 different visualization types');\nconsole.log('✅ Test 10 PASSED: Multiple visualization types found');",
              "err": {},
              "uuid": "07b96785-e352-436d-b6d1-3015a9900444",
              "parentUUID": "6da69dc3-f442-4780-b343-bdb392612f98",
              "isHook": false,
              "skipped": true
            },
            {
              "title": "Test 11: Should handle navigation to non-existent pages gracefully",
              "fullTitle": "Ignition Insights Dashboard Tests Test 11: Should handle navigation to non-existent pages gracefully",
              "timedOut": false,
              "duration": 0,
              "state": null,
              "speed": null,
              "pass": false,
              "fail": false,
              "pending": false,
              "context": null,
              "code": "console.log('\\n▶️  Starting Test 11: Error Handling Test');\nconst errorUrl = BASE_URL + '/non-existent-page';\nconsole.log('⏳ Navigating to non-existent page:', errorUrl);\nawait driver.get(errorUrl);\nconsole.log('⏳ Waiting for body element...');\nawait driver.wait(until.elementLocated(By.css('body')), TIMEOUT);\nconst body = await driver.findElement(By.css('body'));\nconst isDisplayed = await body.isDisplayed();\nconsole.log('👀 Error page displayed:', isDisplayed);\nassert.strictEqual(isDisplayed, true, 'Page should handle invalid routes');\nconsole.log('✅ Error handling works correctly');\nconsole.log('⏳ Navigating back to main page...');\nawait driver.get(BASE_URL);\nawait driver.wait(until.elementLocated(By.css('#root')), TIMEOUT);\nconsole.log('✅ Test 11 PASSED: Application handles invalid routes gracefully');",
              "err": {},
              "uuid": "51088a02-239d-43d7-a944-8df63f611b38",
              "parentUUID": "6da69dc3-f442-4780-b343-bdb392612f98",
              "isHook": false,
              "skipped": true
            },
            {
              "title": "Test 12: Should load page within acceptable time",
              "fullTitle": "Ignition Insights Dashboard Tests Test 12: Should load page within acceptable time",
              "timedOut": false,
              "duration": 0,
              "state": null,
              "speed": null,
              "pass": false,
              "fail": false,
              "pending": false,
              "context": null,
              "code": "console.log('\\n▶️  Starting Test 12: Performance Test');\nconsole.log('⏱️  Starting timer...');\nconst startTime = Date.now();\nconsole.log('⏳ Loading page...');\nawait driver.get(BASE_URL);\nconsole.log('⏳ Waiting for #root element...');\nawait driver.wait(until.elementLocated(By.css('#root')), TIMEOUT);\nconst loadTime = Date.now() - startTime;\nconsole.log('⏱️  Page load time:', loadTime, 'ms');\nconsole.log('📊 Performance threshold: 10000 ms');\nassert.ok(loadTime < 10000, 'Page should load within 10 seconds');\nconsole.log('✅ Test 12 PASSED: Page loaded in acceptable time');",
              "err": {},
              "uuid": "7f2fe69f-cd46-4de3-b4a3-8afbc459b32a",
              "parentUUID": "6da69dc3-f442-4780-b343-bdb392612f98",
              "isHook": false,
              "skipped": true
            }
          ],
          "suites": [],
          "passes": [],
          "failures": [],
          "pending": [],
          "skipped": [
            "93ad3127-cdaf-4fff-9126-78942a43e0ca",
            "89879a2b-516d-4415-8e25-b298445264e3",
            "d3bdce12-5c92-432a-b895-54433b20d5de",
            "d7b75b8c-4d80-4ceb-877b-d87ae5c83f03",
            "74fe9566-74a6-4967-a52c-1ce994f9e3dc",
            "3489eb1a-0dab-4243-b048-0c317f3c60a7",
            "c0be69b9-4b7e-4002-8ad7-bd6626e0da00",
            "1e02e8d5-6884-4c4f-9260-14f5665a7ee1",
            "0e37671c-b9e7-4f84-9c0a-dbfdd55cca1c",
            "07b96785-e352-436d-b6d1-3015a9900444",
            "51088a02-239d-43d7-a944-8df63f611b38",
            "7f2fe69f-cd46-4de3-b4a3-8afbc459b32a"
          ],
          "duration": 0,
          "root": false,
          "rootEmpty": false,
          "_timeout": 15000
        }
      ],
      "passes": [],
      "failures": [],
      "pending": [],
      "skipped": [],
      "duration": 0,
      "root": true,
      "rootEmpty": true,
      "_timeout": 30000
    }
  ],
  "meta": {
    "mocha": {
      "version": "11.7.5"
    },
    "mochawesome": {
      "options": {
        "quiet": false,
        "reportFilename": "test-report",
        "saveHtml": true,
        "saveJson": true,
        "consoleReporter": "spec",
        "useInlineDiffs": false,
        "code": true
      },
      "version": "7.1.4"
    },
    "marge": {
      "options": {
        "reportDir": "test-results",
        "reportFilename": "test-report",
        "html": "true",
        "json": "true"
      },
      "version": "6.3.2"
    }
  }
}